2024-09-23 22:07:59,077 - INFO - Request URL: 'https://cosmosdb-account-recogni-challenge-sp2.documents.azure.com:443/'
Request method: 'GET'
Request headers:
    'Cache-Control': 'no-cache'
    'x-ms-version': 'REDACTED'
    'x-ms-documentdb-query-iscontinuationexpected': 'REDACTED'
    'x-ms-date': 'REDACTED'
    'authorization': 'REDACTED'
    'Accept': 'application/json'
    'Content-Length': '0'
    'User-Agent': 'azsdk-python-cosmos/4.7.0 Python/3.11.0rc1 (Linux-5.15.153.1-microsoft-standard-WSL2-x86_64-with-glibc2.35)'
No body was attached to the request
2024-09-23 22:07:59,675 - INFO - Response status: 200
Response headers:
    'Content-Length': '1687'
    'Date': 'Tue, 24 Sep 2024 01:07:42 GMT'
    'Content-Type': 'application/json'
    'Server': 'Microsoft-HTTPAPI/2.0'
    'x-ms-gatewayversion': 'REDACTED'
    'Cache-Control': 'no-store, no-cache'
    'Pragma': 'no-cache'
    'x-ms-max-media-storage-usage-mb': 'REDACTED'
    'x-ms-media-storage-usage-mb': 'REDACTED'
    'x-ms-databaseaccount-consumed-mb': 'REDACTED'
    'x-ms-databaseaccount-reserved-mb': 'REDACTED'
    'x-ms-databaseaccount-provisioned-mb': 'REDACTED'
    'Strict-Transport-Security': 'REDACTED'
    'Content-Location': 'REDACTED'
2024-09-23 22:08:04,700 - INFO - Processing audio with duration 07:55.850
2024-09-23 22:08:47,223 - INFO - Transcrição e métricas salvas com sucesso em ../json_files/2964672.json
