2024-09-23 22:02:45,506 - INFO - Request URL: 'https://cosmosdb-account-recogni-challenge-sp2.documents.azure.com:443/'
Request method: 'GET'
Request headers:
    'Cache-Control': 'no-cache'
    'x-ms-version': 'REDACTED'
    'x-ms-documentdb-query-iscontinuationexpected': 'REDACTED'
    'x-ms-date': 'REDACTED'
    'authorization': 'REDACTED'
    'Accept': 'application/json'
    'Content-Length': '0'
    'User-Agent': 'azsdk-python-cosmos/4.7.0 Python/3.11.0rc1 (Linux-5.15.153.1-microsoft-standard-WSL2-x86_64-with-glibc2.35)'
No body was attached to the request
2024-09-23 22:02:46,070 - INFO - Response status: 200
Response headers:
    'Content-Length': '1687'
    'Date': 'Tue, 24 Sep 2024 01:02:28 GMT'
    'Content-Type': 'application/json'
    'Server': 'Microsoft-HTTPAPI/2.0'
    'x-ms-gatewayversion': 'REDACTED'
    'Cache-Control': 'no-store, no-cache'
    'Pragma': 'no-cache'
    'x-ms-max-media-storage-usage-mb': 'REDACTED'
    'x-ms-media-storage-usage-mb': 'REDACTED'
    'x-ms-databaseaccount-consumed-mb': 'REDACTED'
    'x-ms-databaseaccount-reserved-mb': 'REDACTED'
    'x-ms-databaseaccount-provisioned-mb': 'REDACTED'
    'Strict-Transport-Security': 'REDACTED'
    'Content-Location': 'REDACTED'
2024-09-23 22:02:46,071 - INFO - Processing file: 2962184.json
2024-09-23 22:02:46,071 - ERROR - Error processing file 2962184.json: 'model'
2024-09-23 22:02:46,071 - INFO - Processing file: 2963764.json
2024-09-23 22:02:46,071 - ERROR - Error processing file 2963764.json: 'model'
2024-09-23 22:02:46,071 - INFO - Processing file: 2962946.json
2024-09-23 22:02:46,072 - ERROR - Error processing file 2962946.json: 'model'
2024-09-23 22:02:46,072 - INFO - Processing file: 2968468.json
2024-09-23 22:02:46,072 - ERROR - Error processing file 2968468.json: 'model'
2024-09-23 22:02:46,072 - INFO - Processing file: 2963977.json
2024-09-23 22:02:46,072 - ERROR - Error processing file 2963977.json: 'model'
2024-09-23 22:02:46,072 - INFO - Processing file: 2967671.json
2024-09-23 22:02:46,072 - ERROR - Error processing file 2967671.json: 'model'
2024-09-23 22:02:46,072 - INFO - Processing file: 2966642.json
2024-09-23 22:02:46,072 - ERROR - Error processing file 2966642.json: 'model'
2024-09-23 22:02:46,072 - INFO - Processing file: 2962505.json
2024-09-23 22:02:46,073 - ERROR - Error processing file 2962505.json: 'model'
2024-09-23 22:02:46,073 - INFO - Processing file: 2966719.json
2024-09-23 22:02:46,073 - ERROR - Error processing file 2966719.json: 'model'
2024-09-23 22:02:46,073 - INFO - Processing file: 2966091.json
2024-09-23 22:02:46,073 - ERROR - Error processing file 2966091.json: 'model'
2024-09-23 22:02:46,073 - INFO - Processing file: 2964611.json
2024-09-23 22:02:46,073 - ERROR - Error processing file 2964611.json: 'model'
2024-09-23 22:02:46,073 - INFO - Processing file: 2967576.json
2024-09-23 22:02:46,073 - ERROR - Error processing file 2967576.json: 'model'
2024-09-23 22:02:46,073 - INFO - Processing file: 2964672.json
2024-09-23 22:02:46,073 - ERROR - Error processing file 2964672.json: 'model'
2024-09-23 22:02:46,073 - INFO - Processing file: 2964228.json
2024-09-23 22:02:46,074 - ERROR - Error processing file 2964228.json: 'model'
2024-09-23 22:02:46,074 - INFO - Processing file: 2962074.json
2024-09-23 22:02:46,074 - ERROR - Error processing file 2962074.json: 'model'
2024-09-23 22:02:46,074 - INFO - Processing file: 2961972.json
2024-09-23 22:02:46,074 - ERROR - Error processing file 2961972.json: 'model'
2024-09-23 22:02:46,074 - INFO - Processing file: 2967760.json
2024-09-23 22:02:46,074 - ERROR - Error processing file 2967760.json: 'model'
2024-09-23 22:02:46,074 - INFO - Processing file: 2962724.json
2024-09-23 22:02:46,075 - ERROR - Error processing file 2962724.json: 'model'
2024-09-23 22:02:46,075 - INFO - Processing file: 2966819.json
2024-09-23 22:02:46,075 - ERROR - Error processing file 2966819.json: 'model'
2024-09-23 22:02:46,075 - INFO - Processing file: 2964097.json
2024-09-23 22:02:46,075 - ERROR - Error processing file 2964097.json: 'model'
2024-09-23 22:02:46,075 - INFO - Processing file: 2966651.json
2024-09-23 22:02:46,075 - ERROR - Error processing file 2966651.json: 'model'
2024-09-23 22:02:46,075 - INFO - Processing file: 2963847.json
2024-09-23 22:02:46,075 - ERROR - Error processing file 2963847.json: 'model'
2024-09-23 22:02:46,075 - INFO - Processing file: 2965821.json
2024-09-23 22:02:46,075 - ERROR - Error processing file 2965821.json: 'model'
2024-09-23 22:02:46,075 - INFO - Processing file: 2967703.json
2024-09-23 22:02:46,076 - ERROR - Error processing file 2967703.json: 'model'
2024-09-23 22:02:46,076 - INFO - Processing file: 2962219.json
2024-09-23 22:02:46,076 - ERROR - Error processing file 2962219.json: 'model'
2024-09-23 22:02:46,076 - INFO - Processing file: 2963371.json
2024-09-23 22:02:46,076 - ERROR - Error processing file 2963371.json: 'model'
2024-09-23 22:02:46,076 - INFO - Processing file: 2964496.json
2024-09-23 22:02:46,076 - ERROR - Error processing file 2964496.json: 'model'
2024-09-23 22:02:46,076 - INFO - Processing file: 2967631.json
2024-09-23 22:02:46,076 - ERROR - Error processing file 2967631.json: 'model'
2024-09-23 22:02:46,076 - INFO - Processing file: 2968125.json
2024-09-23 22:02:46,076 - ERROR - Error processing file 2968125.json: 'model'
2024-09-23 22:02:46,076 - INFO - Processing file: 2963510.json
2024-09-23 22:02:46,076 - ERROR - Error processing file 2963510.json: 'model'
2024-09-23 22:02:46,076 - INFO - Processing file: 2963955.json
2024-09-23 22:02:46,077 - ERROR - Error processing file 2963955.json: 'model'
2024-09-23 22:02:46,077 - INFO - Processing file: 2966180.json
2024-09-23 22:02:46,077 - ERROR - Error processing file 2966180.json: 'model'
2024-09-23 22:02:46,077 - INFO - Processing file: 2967344.json
2024-09-23 22:02:46,077 - ERROR - Error processing file 2967344.json: 'model'
2024-09-23 22:02:46,077 - INFO - Processing file: 2964126.json
2024-09-23 22:02:46,077 - ERROR - Error processing file 2964126.json: 'model'
2024-09-23 22:02:46,077 - INFO - Processing file: 2967729.json
2024-09-23 22:02:46,077 - ERROR - Error processing file 2967729.json: 'model'
2024-09-23 22:02:46,077 - INFO - Processing file: 2963504.json
2024-09-23 22:02:46,078 - ERROR - Error processing file 2963504.json: 'model'
2024-09-23 22:02:46,078 - INFO - Processing file: 2962625.json
2024-09-23 22:02:46,078 - ERROR - Error processing file 2962625.json: 'model'
2024-09-23 22:02:46,078 - INFO - Processing file: 2966316.json
2024-09-23 22:02:46,078 - ERROR - Error processing file 2966316.json: 'model'
2024-09-23 22:02:46,078 - INFO - Processing file: 2968253.json
2024-09-23 22:02:46,078 - ERROR - Error processing file 2968253.json: 'model'
2024-09-23 22:02:46,078 - INFO - Processing file: 2962307.json
2024-09-23 22:02:46,078 - ERROR - Error processing file 2962307.json: 'model'
2024-09-23 22:02:46,078 - INFO - Processing file: 2962417.json
2024-09-23 22:02:46,079 - ERROR - Error processing file 2962417.json: 'model'
2024-09-23 22:02:46,079 - INFO - Processing file: 2966892.json
2024-09-23 22:02:46,079 - ERROR - Error processing file 2966892.json: 'model'
2024-09-23 22:02:46,079 - INFO - Processing file: 2966177.json
2024-09-23 22:02:46,079 - ERROR - Error processing file 2966177.json: 'model'
2024-09-23 22:02:46,079 - INFO - Processing file: 2967409.json
2024-09-23 22:02:46,079 - ERROR - Error processing file 2967409.json: 'model'
2024-09-23 22:02:46,079 - INFO - Processing file: 2965853.json
2024-09-23 22:02:46,079 - ERROR - Error processing file 2965853.json: 'model'
2024-09-23 22:02:46,079 - INFO - Processing file: 2965051.json
2024-09-23 22:02:46,079 - ERROR - Error processing file 2965051.json: 'model'
2024-09-23 22:02:46,079 - INFO - Processing file: 2965935.json
2024-09-23 22:02:46,079 - ERROR - Error processing file 2965935.json: 'model'
2024-09-23 22:02:46,079 - INFO - Processing file: 2965622.json
2024-09-23 22:02:46,079 - ERROR - Error processing file 2965622.json: 'model'
2024-09-23 22:02:46,080 - INFO - Processing file: 2965979.json
2024-09-23 22:02:46,080 - ERROR - Error processing file 2965979.json: 'model'
2024-09-23 22:02:46,080 - INFO - Processing file: 2967070.json
2024-09-23 22:02:46,080 - ERROR - Error processing file 2967070.json: 'model'
2024-09-23 22:02:46,080 - INFO - Processing file: 2966607.json
2024-09-23 22:02:46,080 - ERROR - Error processing file 2966607.json: 'model'
2024-09-23 22:02:46,080 - INFO - Processing file: 2966760.json
2024-09-23 22:02:46,080 - ERROR - Error processing file 2966760.json: 'model'
2024-09-23 22:02:46,080 - INFO - Processing file: 2964909.json
2024-09-23 22:02:46,080 - ERROR - Error processing file 2964909.json: 'model'
2024-09-23 22:02:46,080 - INFO - Processing file: 2968540.json
2024-09-23 22:02:46,080 - ERROR - Error processing file 2968540.json: 'model'
2024-09-23 22:02:46,081 - INFO - Processing file: 2968175.json
2024-09-23 22:02:46,081 - ERROR - Error processing file 2968175.json: 'model'
2024-09-23 22:02:46,081 - INFO - Processing file: 2962972.json
2024-09-23 22:02:46,081 - ERROR - Error processing file 2962972.json: 'model'
2024-09-23 22:02:46,081 - INFO - Processing file: 2963930.json
2024-09-23 22:02:46,081 - ERROR - Error processing file 2963930.json: 'model'
2024-09-23 22:02:46,081 - INFO - Processing file: 2962046.json
2024-09-23 22:02:46,081 - ERROR - Error processing file 2962046.json: 'model'
2024-09-23 22:02:46,081 - INFO - Processing file: 2966683.json
2024-09-23 22:02:46,081 - ERROR - Error processing file 2966683.json: 'model'
2024-09-23 22:02:46,081 - INFO - Processing file: 2964578.json
2024-09-23 22:02:46,081 - ERROR - Error processing file 2964578.json: 'model'
2024-09-23 22:02:46,081 - INFO - Processing file: 2967978.json
2024-09-23 22:02:46,081 - ERROR - Error processing file 2967978.json: 'model'
2024-09-23 22:02:46,081 - INFO - Processing file: 2964360.json
2024-09-23 22:02:46,082 - ERROR - Error processing file 2964360.json: 'model'
2024-09-23 22:02:46,082 - INFO - Processing file: 2962649.json
2024-09-23 22:02:46,082 - ERROR - Error processing file 2962649.json: 'model'
2024-09-23 22:02:46,082 - INFO - Processing file: 2964398.json
2024-09-23 22:02:46,082 - ERROR - Error processing file 2964398.json: 'model'
2024-09-23 22:02:46,082 - INFO - Processing file: 2964530.json
2024-09-23 22:02:46,082 - ERROR - Error processing file 2964530.json: 'model'
2024-09-23 22:02:46,082 - INFO - Processing file: 2966771.json
2024-09-23 22:02:46,082 - ERROR - Error processing file 2966771.json: 'model'
2024-09-23 22:02:46,082 - INFO - Processing file: 2967836.json
2024-09-23 22:02:46,082 - ERROR - Error processing file 2967836.json: 'model'
2024-09-23 22:02:46,082 - INFO - Processing file: 2967525.json
2024-09-23 22:02:46,082 - ERROR - Error processing file 2967525.json: 'model'
2024-09-23 22:02:46,083 - INFO - Processing file: 2968443.json
2024-09-23 22:02:46,083 - ERROR - Error processing file 2968443.json: 'model'
2024-09-23 22:02:46,083 - INFO - Processing file: 2967602.json
2024-09-23 22:02:46,083 - ERROR - Error processing file 2967602.json: 'model'
2024-09-23 22:02:46,083 - INFO - Processing file: 2966019.json
2024-09-23 22:02:46,083 - ERROR - Error processing file 2966019.json: 'model'
2024-09-23 22:02:46,083 - INFO - Processing file: 2965900.json
2024-09-23 22:02:46,083 - ERROR - Error processing file 2965900.json: 'model'
2024-09-23 22:02:46,083 - INFO - Processing file: 2966138.json
2024-09-23 22:02:46,083 - ERROR - Error processing file 2966138.json: 'model'
2024-09-23 22:02:46,083 - INFO - Processing file: 2963210.json
2024-09-23 22:02:46,083 - ERROR - Error processing file 2963210.json: 'model'
2024-09-23 22:02:46,083 - INFO - Processing file: 2967044.json
2024-09-23 22:02:46,083 - ERROR - Error processing file 2967044.json: 'model'
2024-09-23 22:02:46,084 - INFO - Processing file: 2874774.json
2024-09-23 22:02:46,084 - ERROR - Error processing file 2874774.json: 'model'
2024-09-23 22:02:46,084 - INFO - Processing file: 2968585.json
2024-09-23 22:02:46,084 - ERROR - Error processing file 2968585.json: 'model'
2024-09-23 22:02:46,084 - INFO - Processing file: 2964235.json
2024-09-23 22:02:46,084 - ERROR - Error processing file 2964235.json: 'model'
2024-09-23 22:02:46,084 - INFO - Processing file: 2874830.json
2024-09-23 22:02:46,084 - ERROR - Error processing file 2874830.json: 'model'
2024-09-23 22:02:46,084 - INFO - Processing file: 2965023.json
2024-09-23 22:02:46,084 - ERROR - Error processing file 2965023.json: 'model'
